[I 2025-10-24 14:04:49,414] A new study created in RDB with name: rota
============================================================
Testing Improved Calibration
============================================================

Changes:
  1. rel_beta range: [0.001, 0.1] (vs old [0.5, 1.5])
  2. immunity_waning_delay: 180 days (vs 0.5 days)
============================================================
Rotasim: Setting up multi-strain simulation
  Scenario: baseline
  Base beta: 0.16
  Strains: 3
  Connectors: Adding default connectors: RotaImmunityConnector, RotaReassortmentConnector
  Time units: day, dt=day
  Total diseases: 6 (3 active + 3 dormant)

Calibration target data:
Overall incidence: 20.4 per 100k

Age distribution (proportions):
  ages  proportion
0    0    0.521739
1    1    0.383632
2    2    0.053708
3    5    0.040921

Calibration parameters:
  reporting_rate: best=0.002, range=[0.0001, 0.01]
  maternal_immunity_efficacy: best=0.85, range=[0.0, 0.95]
  maternal_immunity_half_life: best=90, range=[1, 120]
  rel_beta: best=1.0, range=[0.5, 3.0]
  reassortment_rate: best=0.1, range=[0.05, 0.15]

============================================================
Running calibration (20 trials)...
============================================================
Removed existing calibration file rota.db
[I 2025-10-24 14:06:28,637] Trial 8 finished with value: 20.285473497639188 and parameters: {'reporting_rate': 0.004075199050726161, 'maternal_immunity_efficacy': 0.1832973818666656, 'maternal_immunity_half_life': 5.99603982009398, 'rel_beta': 0.5440189558748127, 'reassortment_rate': 0.08927668617229088}. Best is trial 8 with value: 20.285473497639188.
[I 2025-10-24 14:06:48,610] Trial 2 finished with value: 16.264591721635043 and parameters: {'reporting_rate': 0.0032208383361732045, 'maternal_immunity_efficacy': 0.5048513502088228, 'maternal_immunity_half_life': 49.6853528249736, 'rel_beta': 0.9724130420383545, 'reassortment_rate': 0.07147246322947282}. Best is trial 2 with value: 16.264591721635043.
[I 2025-10-24 14:06:51,395] Trial 3 finished with value: 15.416409052956075 and parameters: {'reporting_rate': 0.0030471888929979947, 'maternal_immunity_efficacy': 0.1398833766011889, 'maternal_immunity_half_life': 20.283269127563834, 'rel_beta': 0.9454785294341725, 'reassortment_rate': 0.06468353918807845}. Best is trial 3 with value: 15.416409052956075.
[I 2025-10-24 14:07:17,885] Trial 5 finished with value: 32.949065006109095 and parameters: {'reporting_rate': 0.006691945802621848, 'maternal_immunity_efficacy': 0.3394132088182227, 'maternal_immunity_half_life': 101.58587348456105, 'rel_beta': 1.1393637846471445, 'reassortment_rate': 0.10255477769054501}. Best is trial 3 with value: 15.416409052956075.
[I 2025-10-24 14:07:32,716] Trial 11 finished with value: 31.197524060441435 and parameters: {'reporting_rate': 0.006351644526019079, 'maternal_immunity_efficacy': 0.26253167206305184, 'maternal_immunity_half_life': 39.058551449880945, 'rel_beta': 1.229549119929852, 'reassortment_rate': 0.11907429071356018}. Best is trial 3 with value: 15.416409052956075.
[I 2025-10-24 14:08:20,354] Trial 1 finished with value: 26.993177408547123 and parameters: {'reporting_rate': 0.005465240423505921, 'maternal_immunity_efficacy': 0.5823600841325538, 'maternal_immunity_half_life': 7.386849908923272, 'rel_beta': 1.658977236911173, 'reassortment_rate': 0.10724426433762953}. Best is trial 3 with value: 15.416409052956075.
[I 2025-10-24 14:08:39,034] Trial 6 finished with value: 34.329601804942705 and parameters: {'reporting_rate': 0.006995045325427302, 'maternal_immunity_efficacy': 0.5491267620965656, 'maternal_immunity_half_life': 10.053708987226349, 'rel_beta': 1.859540408975446, 'reassortment_rate': 0.07960483909238067}. Best is trial 3 with value: 15.416409052956075.
[I 2025-10-24 14:08:46,161] Trial 9 finished with value: 19.157061262244085 and parameters: {'reporting_rate': 0.003833699353216108, 'maternal_immunity_efficacy': 0.4574328002760679, 'maternal_immunity_half_life': 36.509939423531286, 'rel_beta': 1.7639823788041802, 'reassortment_rate': 0.12069380433073987}. Best is trial 3 with value: 15.416409052956075.
[I 2025-10-24 14:08:50,605] Trial 4 finished with value: 10.057140478354551 and parameters: {'reporting_rate': 0.0019420146644074305, 'maternal_immunity_efficacy': 0.6299534552641909, 'maternal_immunity_half_life': 76.04671799061472, 'rel_beta': 1.744872187055145, 'reassortment_rate': 0.1290457962643437}. Best is trial 4 with value: 10.057140478354551.
[I 2025-10-24 14:09:21,461] Trial 10 finished with value: 7.958472366134003 and parameters: {'reporting_rate': 0.0015069031565249527, 'maternal_immunity_efficacy': 0.32491416723341315, 'maternal_immunity_half_life': 71.89034313861126, 'rel_beta': 2.2349847221286123, 'reassortment_rate': 0.060570642883218374}. Best is trial 10 with value: 7.958472366134003.
[I 2025-10-24 14:09:27,384] Trial 0 finished with value: 13.581327585118004 and parameters: {'reporting_rate': 0.00267732199604648, 'maternal_immunity_efficacy': 0.2765265631501651, 'maternal_immunity_half_life': 15.63211841349427, 'rel_beta': 1.975216995721392, 'reassortment_rate': 0.1268938094260561}. Best is trial 10 with value: 7.958472366134003.
[I 2025-10-24 14:09:39,255] Trial 16 finished with value: 18.21354861013219 and parameters: {'reporting_rate': 0.0036223335523738083, 'maternal_immunity_efficacy': 0.8750398789992029, 'maternal_immunity_half_life': 72.79504615801038, 'rel_beta': 1.0006783637051013, 'reassortment_rate': 0.07571762520027733}. Best is trial 10 with value: 7.958472366134003.
[I 2025-10-24 14:10:10,023] Trial 15 finished with value: 26.31135578491729 and parameters: {'reporting_rate': 0.005320950569374797, 'maternal_immunity_efficacy': 0.019036874843338963, 'maternal_immunity_half_life': 42.08104440979899, 'rel_beta': 1.470673623235891, 'reassortment_rate': 0.062193182664681206}. Best is trial 10 with value: 7.958472366134003.
[I 2025-10-24 14:10:48,328] Trial 12 finished with value: 11.550751062369303 and parameters: {'reporting_rate': 0.002254271418869834, 'maternal_immunity_efficacy': 0.3675679672652285, 'maternal_immunity_half_life': 60.88066443599, 'rel_beta': 2.001091943935994, 'reassortment_rate': 0.117970670903767}. Best is trial 10 with value: 7.958472366134003.
[I 2025-10-24 14:11:10,206] Trial 17 finished with value: 41.63089905292798 and parameters: {'reporting_rate': 0.008498319915122553, 'maternal_immunity_efficacy': 0.805900919857891, 'maternal_immunity_half_life': 14.220080949022336, 'rel_beta': 1.4710740864592764, 'reassortment_rate': 0.07043735126641852}. Best is trial 10 with value: 7.958472366134003.
[I 2025-10-24 14:11:23,153] Trial 7 finished with value: 32.94845688125952 and parameters: {'reporting_rate': 0.006718721860776685, 'maternal_immunity_efficacy': 0.36261343718733496, 'maternal_immunity_half_life': 12.315822708117262, 'rel_beta': 2.7905947998587246, 'reassortment_rate': 0.13794460434465233}. Best is trial 10 with value: 7.958472366134003.
[I 2025-10-24 14:11:31,431] Trial 13 finished with value: 28.37858329787394 and parameters: {'reporting_rate': 0.00575179540268147, 'maternal_immunity_efficacy': 0.860838000074491, 'maternal_immunity_half_life': 30.200898817277082, 'rel_beta': 2.2254437827146534, 'reassortment_rate': 0.11053930042425221}. Best is trial 10 with value: 7.958472366134003.
[I 2025-10-24 14:11:38,323] Trial 18 finished with value: 13.129302882637372 and parameters: {'reporting_rate': 0.0025786659117965622, 'maternal_immunity_efficacy': 0.9108772404685422, 'maternal_immunity_half_life': 14.276834867722494, 'rel_beta': 1.4628443301983458, 'reassortment_rate': 0.1352069260126904}. Best is trial 10 with value: 7.958472366134003.
[I 2025-10-24 14:12:36,314] Trial 14 finished with value: 18.486083470541246 and parameters: {'reporting_rate': 0.0037026980283624447, 'maternal_immunity_efficacy': 0.4147736311012101, 'maternal_immunity_half_life': 25.728210242498424, 'rel_beta': 2.8289383675970896, 'reassortment_rate': 0.11437777536810964}. Best is trial 10 with value: 7.958472366134003.
[I 2025-10-24 14:12:57,292] Trial 20 finished with value: 30.826890182350496 and parameters: {'reporting_rate': 0.0062616535374649335, 'maternal_immunity_efficacy': 0.9142456704843527, 'maternal_immunity_half_life': 21.083206642932403, 'rel_beta': 1.0290409260390219, 'reassortment_rate': 0.09766886652467356}. Best is trial 10 with value: 7.958472366134003.
[I 2025-10-24 14:13:42,987] Trial 21 finished with value: 1.9914186443312853 and parameters: {'reporting_rate': 0.00015294995359649895, 'maternal_immunity_efficacy': 0.8612882938580436, 'maternal_immunity_half_life': 79.09224793350057, 'rel_beta': 2.8196303353263112, 'reassortment_rate': 0.05305874696050158}. Best is trial 21 with value: 1.9914186443312853.
[I 2025-10-24 14:14:06,095] Trial 19 finished with value: 30.493765889527182 and parameters: {'reporting_rate': 0.006205118049104802, 'maternal_immunity_efficacy': 0.35832850616003403, 'maternal_immunity_half_life': 46.47900574593983, 'rel_beta': 2.615128654751133, 'reassortment_rate': 0.14464780919667336}. Best is trial 21 with value: 1.9914186443312853.
[I 2025-10-24 14:14:42,529] Trial 22 finished with value: 1.842361685950025 and parameters: {'reporting_rate': 0.00023237364258652275, 'maternal_immunity_efficacy': 0.8378794225116362, 'maternal_immunity_half_life': 81.63102385631628, 'rel_beta': 2.7015863566901532, 'reassortment_rate': 0.14762902394962127}. Best is trial 22 with value: 1.842361685950025.
[I 2025-10-24 14:15:54,801] Trial 23 finished with value: 2.9969630964509366 and parameters: {'reporting_rate': 0.0004726369014100612, 'maternal_immunity_efficacy': 0.721172135552452, 'maternal_immunity_half_life': 85.9859001077202, 'rel_beta': 2.511680229170663, 'reassortment_rate': 0.145541364864312}. Best is trial 22 with value: 1.842361685950025.
Making results structure...
Processed 24 trials; 0 failed
Best pars: {'reporting_rate': 0.00023237364258652275, 'maternal_immunity_efficacy': 0.8378794225116362, 'maternal_immunity_half_life': 81.63102385631628, 'rel_beta': 2.7015863566901532, 'reassortment_rate': 0.14762902394962127}
Removed existing calibration file rota.db
Elapsed time: 668 s

============================================================
Checking fit...
============================================================
Checking fit...

Fit with original pars:
  Total GOF:       10.3876
  Incidence GOF:   8.67102
  Age dist GOF:    1.71656

Fit with best-fit pars:
  Total GOF:       1.84236
  Incidence GOF:   0.116299
  Age dist GOF:    1.72606

✓ Calibration improved fit

============================================================
Results:
============================================================

Best parameters:
  reporting_rate: 0.000232
  maternal_immunity_efficacy: 0.837879
  maternal_immunity_half_life: 81.631024
  rel_beta: 2.701586
  reassortment_rate: 0.147629

============================================================
Comparing Overall Incidence:
============================================================
Target:  20.4 per 100k
Before:  196.9 per 100k
After:   22.7 per 100k

Error before: +867.1%
Error after:  +11.6%

============================================================
Comparing Age Distribution (proportions):
============================================================

Age        Target          Before          After           Error Before         Error After         
----------------------------------------------------------------------------------------------------
0          52.2           % 2.4            % 2.5            % -49.8               pp -49.7               pp
1          38.4           % 4.6            % 4.3            % -33.8               pp -34.1               pp
2          5.4            % 3.1            % 2.8            % -2.3                pp -2.5                pp
5          4.1            % 89.9           % 90.4           % 85.8                pp 86.3                pp

============================================================
Summary:
============================================================

Overall Incidence:
  Target:  20.4 per 100k
  Before:  196.9 per 100k (+867.1%)
  After:   22.7 per 100k (+11.6%)
  Improvement: 855.5 percentage points

Age Distribution GOF:
  Before: 1.7166
  After:  1.7261
  Improvement: -0.0095

⚠ Model fit could be improved further

✓ Test complete!
