[I 2025-10-28 10:20:36,318] Trial 34 finished with value: 1.4911318922091448 and parameters: {'reporting_rate': 0.0006077281899338009, 'homotypic_immunity_efficacy': 0.8009903899765026, 'partial_heterotypic_immunity_efficacy': 0.15924629332021076, 'complete_heterotypic_immunity_efficacy': 0.24815086611381615, 'base_beta': 0.2512826031308448, 'maternal_immunity_efficacy': 0.0, 'long_term_immunity_prob_after_1': 0.4042381398862077, 'long_term_immunity_prob_after_2': 0.30062713150308545, 'long_term_immunity_prob_after_3': 0.5893491639765401}. Best is trial 0 with value: 1.4911318922091448.
[I 2025-10-28 10:20:37,069] Trial 35 finished with value: 1.4911318922091448 and parameters: {'reporting_rate': 0.0006024633429575688, 'homotypic_immunity_efficacy': 0.8943924875830068, 'partial_heterotypic_immunity_efficacy': 0.15895644039839527, 'complete_heterotypic_immunity_efficacy': 0.26339925031433653, 'base_beta': 0.25163828623390244, 'maternal_immunity_efficacy': 0.0, 'long_term_immunity_prob_after_1': 0.41735695867707256, 'long_term_immunity_prob_after_2': 0.307950666590614, 'long_term_immunity_prob_after_3': 0.6074907658586974}. Best is trial 0 with value: 1.4911318922091448.
Making results structure...
Processed 36 trials; 0 failed
Best pars: {'reporting_rate': 0.00044812857722232224, 'homotypic_immunity_efficacy': 0.29904946031444907, 'partial_heterotypic_immunity_efficacy': 0.27769496714296305, 'complete_heterotypic_immunity_efficacy': 0.29935617478876236, 'base_beta': 0.2984465788332989, 'maternal_immunity_efficacy': 0.0, 'long_term_immunity_prob_after_1': 0.366397403051502, 'long_term_immunity_prob_after_2': 0.6320961770676291, 'long_term_immunity_prob_after_3': 0.8017755089455666}
Removed existing calibration file rota.db
Elapsed time: 156 s

============================================================
Checking fit...
============================================================
Checking fit...

Fit with original pars:
  Total GOF:       1.49113
  Incidence GOF:   1
  Age dist GOF:    0.491132

Fit with best-fit pars:
  Total GOF:       1.49113
  Incidence GOF:   1
  Age dist GOF:    0.491132

✓ Calibration improved fit

============================================================
Results:
============================================================

Best parameters:
  reporting_rate: 0.000448
  homotypic_immunity_efficacy: 0.299049
  partial_heterotypic_immunity_efficacy: 0.277695
  complete_heterotypic_immunity_efficacy: 0.299356
  base_beta: 0.298447
  maternal_immunity_efficacy: 0.000000
  long_term_immunity_prob_after_1: 0.366397
  long_term_immunity_prob_after_2: 0.632096
  long_term_immunity_prob_after_3: 0.801776

============================================================
Comparing Overall Incidence:
============================================================
Target:  1.4 per 100k
Before:  0.0 per 100k
After:   0.0 per 100k

Error before: -100.0%
Error after:  -100.0%

============================================================
Comparing Age Distribution (proportions):
============================================================

Age        Target          Before          After           Error Before         Error After         
----------------------------------------------------------------------------------------------------
0          13.8           % 25.0           % 25.0           % 11.2                pp 11.2                pp
1          27.7           % 25.0           % 25.0           % -2.7                pp -2.7                pp
2          46.9           % 25.0           % 25.0           % -21.9               pp -21.9               pp
5          11.7           % 25.0           % 25.0           % 13.3                pp 13.3                pp

============================================================
Summary:
============================================================

Overall Incidence:
  Target:  1.4 per 100k
  Before:  0.0 per 100k (-100.0%)
  After:   0.0 per 100k (-100.0%)
  Improvement: 0.0 percentage points

Age Distribution GOF:
  Before: 0.4911
  After:  0.4911
  Improvement: 0.0000

⚠ Model fit could be improved further

============================================================
Saving best parameters...
============================================================
Saved to: /Users/aliciakraay/PycharmProjects/rotasim/calibration/uk_best_pars_with_lti.obj

✓ UK calibration complete!
