[I 2025-10-28 11:05:49,403] Trial 30 finished with value: 1.4911318922091448 and parameters: {'reporting_rate': 0.0008397246432698351, 'homotypic_immunity_efficacy': 0.19763972855800202, 'partial_heterotypic_immunity_efficacy': 0.4838650403489104, 'complete_heterotypic_immunity_efficacy': 0.042122406515948875, 'base_beta': 1.1168109544451887, 'maternal_immunity_efficacy': 0.0, 'long_term_immunity_prob_after_1': 0.3726045263416652, 'long_term_immunity_prob_after_2': 0.6285959639235648, 'long_term_immunity_prob_after_3': 0.8010301476284001}. Best is trial 0 with value: 1.4911318922091448.
[I 2025-10-28 11:05:51,302] Trial 28 finished with value: 1.4911318922091448 and parameters: {'reporting_rate': 0.0008487271110882565, 'homotypic_immunity_efficacy': 0.23885763104123564, 'partial_heterotypic_immunity_efficacy': 0.2814577936931908, 'complete_heterotypic_immunity_efficacy': 0.002661725394998448, 'base_beta': 0.20545119234292808, 'maternal_immunity_efficacy': 0.0, 'long_term_immunity_prob_after_1': 0.392983238649866, 'long_term_immunity_prob_after_2': 0.6349468251439784, 'long_term_immunity_prob_after_3': 0.8849395190589143}. Best is trial 0 with value: 1.4911318922091448.
[I 2025-10-28 11:05:55,177] Trial 27 finished with value: 1.4911318922091448 and parameters: {'reporting_rate': 0.0008405195026429352, 'homotypic_immunity_efficacy': 0.4798384515654204, 'partial_heterotypic_immunity_efficacy': 0.27510367809039865, 'complete_heterotypic_immunity_efficacy': 0.0026444423926072864, 'base_beta': 0.2494964303200343, 'maternal_immunity_efficacy': 0.0, 'long_term_immunity_prob_after_1': 0.3903730908639838, 'long_term_immunity_prob_after_2': 0.6174304997041833, 'long_term_immunity_prob_after_3': 0.8719974322506072}. Best is trial 0 with value: 1.4911318922091448.
[I 2025-10-28 11:05:55,393] Trial 25 finished with value: 1.4911318922091448 and parameters: {'reporting_rate': 0.0009306990673639448, 'homotypic_immunity_efficacy': 0.2973963402855301, 'partial_heterotypic_immunity_efficacy': 0.22413751241171692, 'complete_heterotypic_immunity_efficacy': 0.0024586348887120635, 'base_beta': 1.3101413310554373, 'maternal_immunity_efficacy': 0.0, 'long_term_immunity_prob_after_1': 0.4213364851836681, 'long_term_immunity_prob_after_2': 0.6185000156488301, 'long_term_immunity_prob_after_3': 0.897136604361349}. Best is trial 0 with value: 1.4911318922091448.
[I 2025-10-28 11:05:55,659] Trial 26 finished with value: 1.4911318922091448 and parameters: {'reporting_rate': 0.000977505748201109, 'homotypic_immunity_efficacy': 0.24797685941314124, 'partial_heterotypic_immunity_efficacy': 0.2058350600700589, 'complete_heterotypic_immunity_efficacy': 0.0037223276500306032, 'base_beta': 1.2215186324860579, 'maternal_immunity_efficacy': 0.0, 'long_term_immunity_prob_after_1': 0.4130443610594648, 'long_term_immunity_prob_after_2': 0.3017860638947895, 'long_term_immunity_prob_after_3': 0.8922145244156111}. Best is trial 0 with value: 1.4911318922091448.
[I 2025-10-28 11:05:55,731] Trial 29 finished with value: 1.4911318922091448 and parameters: {'reporting_rate': 0.0008586655686871213, 'homotypic_immunity_efficacy': 0.5034101454587863, 'partial_heterotypic_immunity_efficacy': 0.2877403151104914, 'complete_heterotypic_immunity_efficacy': 0.004681502318029378, 'base_beta': 1.1404599621391687, 'maternal_immunity_efficacy': 0.0, 'long_term_immunity_prob_after_1': 0.37558330124181416, 'long_term_immunity_prob_after_2': 0.5886590410737084, 'long_term_immunity_prob_after_3': 0.8487184568877506}. Best is trial 0 with value: 1.4911318922091448.
[I 2025-10-28 11:05:56,579] Trial 31 finished with value: 1.4911318922091448 and parameters: {'reporting_rate': 0.0008501195772376002, 'homotypic_immunity_efficacy': 0.44851847687327895, 'partial_heterotypic_immunity_efficacy': 0.4980946594199551, 'complete_heterotypic_immunity_efficacy': 0.04081987563170525, 'base_beta': 1.119764492386897, 'maternal_immunity_efficacy': 0.0, 'long_term_immunity_prob_after_1': 0.45215569249444193, 'long_term_immunity_prob_after_2': 0.61337611918563, 'long_term_immunity_prob_after_3': 0.777844451579413}. Best is trial 0 with value: 1.4911318922091448.
[I 2025-10-28 11:05:56,633] Trial 33 finished with value: 1.4911318922091448 and parameters: {'reporting_rate': 0.0008516479507521158, 'homotypic_immunity_efficacy': 0.4278405899583951, 'partial_heterotypic_immunity_efficacy': 0.4838407511828682, 'complete_heterotypic_immunity_efficacy': 0.047394959687220586, 'base_beta': 1.0691822803288797, 'maternal_immunity_efficacy': 0.0, 'long_term_immunity_prob_after_1': 0.46008300863651835, 'long_term_immunity_prob_after_2': 0.6212398594911323, 'long_term_immunity_prob_after_3': 0.498359378554788}. Best is trial 0 with value: 1.4911318922091448.
[I 2025-10-28 11:05:57,225] Trial 32 finished with value: 1.4911318922091448 and parameters: {'reporting_rate': 0.0006136749583456814, 'homotypic_immunity_efficacy': 0.4304484959648878, 'partial_heterotypic_immunity_efficacy': 0.47909337849559036, 'complete_heterotypic_immunity_efficacy': 0.05373277890076347, 'base_beta': 1.06851072657916, 'maternal_immunity_efficacy': 0.0, 'long_term_immunity_prob_after_1': 0.46215072910016664, 'long_term_immunity_prob_after_2': 0.4161963339433214, 'long_term_immunity_prob_after_3': 0.5000594592332395}. Best is trial 0 with value: 1.4911318922091448.
[I 2025-10-28 11:05:58,159] Trial 34 finished with value: 1.4911318922091448 and parameters: {'reporting_rate': 0.0006086072862023792, 'homotypic_immunity_efficacy': 0.43480219291162814, 'partial_heterotypic_immunity_efficacy': 0.4931512469516761, 'complete_heterotypic_immunity_efficacy': 0.05194328689894248, 'base_beta': 1.0624405880479846, 'maternal_immunity_efficacy': 0.0, 'long_term_immunity_prob_after_1': 0.4549542595108115, 'long_term_immunity_prob_after_2': 0.6344397134391565, 'long_term_immunity_prob_after_3': 0.7831924635401513}. Best is trial 0 with value: 1.4911318922091448.
[I 2025-10-28 11:05:58,284] Trial 35 finished with value: 1.4911318922091448 and parameters: {'reporting_rate': 0.0008575900376478463, 'homotypic_immunity_efficacy': 0.41796353307129885, 'partial_heterotypic_immunity_efficacy': 0.494082487444611, 'complete_heterotypic_immunity_efficacy': 0.030591234693700203, 'base_beta': 1.0668332969729493, 'maternal_immunity_efficacy': 0.0, 'long_term_immunity_prob_after_1': 0.45600964169659425, 'long_term_immunity_prob_after_2': 0.41890148701327495, 'long_term_immunity_prob_after_3': 0.7999604276618313}. Best is trial 0 with value: 1.4911318922091448.
/Users/aliciakraay/PycharmProjects/rotasim/rotasim/immunity.py:231: RuntimeWarning: overflow encountered in exp
  decay_factor = np.exp(
/Users/aliciakraay/PycharmProjects/rotasim/rotasim/immunity.py:231: RuntimeWarning: overflow encountered in exp
  decay_factor = np.exp(
Making results structure...
Processed 36 trials; 0 failed
Best pars: {'reporting_rate': 0.0006797802232469234, 'homotypic_immunity_efficacy': 0.34414131279453325, 'partial_heterotypic_immunity_efficacy': 0.32773766881475286, 'complete_heterotypic_immunity_efficacy': 0.008278274463064483, 'base_beta': 0.4301514995824201, 'maternal_immunity_efficacy': 0.0, 'long_term_immunity_prob_after_1': 0.5777464697867827, 'long_term_immunity_prob_after_2': 0.36258854376688016, 'long_term_immunity_prob_after_3': 0.40373557610569616}
Removed existing calibration file rota.db
Elapsed time: 149 s

============================================================
Checking fit...
============================================================
Checking fit...

Fit with original pars:
  Total GOF:       1.49113
  Incidence GOF:   1
  Age dist GOF:    0.491132

Fit with best-fit pars:
  Total GOF:       1.49113
  Incidence GOF:   1
  Age dist GOF:    0.491132

✓ Calibration improved fit

============================================================
Results:
============================================================

Best parameters:
  reporting_rate: 0.000680
  homotypic_immunity_efficacy: 0.344141
  partial_heterotypic_immunity_efficacy: 0.327738
  complete_heterotypic_immunity_efficacy: 0.008278
  base_beta: 0.430151
  maternal_immunity_efficacy: 0.000000
  long_term_immunity_prob_after_1: 0.577746
  long_term_immunity_prob_after_2: 0.362589
  long_term_immunity_prob_after_3: 0.403736

============================================================
Comparing Overall Incidence:
============================================================
Target:  1.4 per 100k
Before:  0.0 per 100k
After:   0.0 per 100k

Error before: -100.0%
Error after:  -100.0%

============================================================
Comparing Age Distribution (proportions):
============================================================

Age        Target          Before          After           Error Before         Error After         
----------------------------------------------------------------------------------------------------
0          13.8           % 25.0           % 25.0           % 11.2                pp 11.2                pp
1          27.7           % 25.0           % 25.0           % -2.7                pp -2.7                pp
2          46.9           % 25.0           % 25.0           % -21.9               pp -21.9               pp
5          11.7           % 25.0           % 25.0           % 13.3                pp 13.3                pp

============================================================
Summary:
============================================================

Overall Incidence:
  Target:  1.4 per 100k
  Before:  0.0 per 100k (-100.0%)
  After:   0.0 per 100k (-100.0%)
  Improvement: 0.0 percentage points

Age Distribution GOF:
  Before: 0.4911
  After:  0.4911
  Improvement: 0.0000

⚠ Model fit could be improved further

============================================================
Saving best parameters...
============================================================
Saved to: /Users/aliciakraay/PycharmProjects/rotasim/calibration/uk_best_pars_with_lti.obj

✓ UK calibration complete!
