[I 2025-10-28 10:33:53,011] Trial 27 finished with value: 1.4911318922091448 and parameters: {'reporting_rate': 0.0006313317264929326, 'homotypic_immunity_efficacy': 0.2604556731433393, 'partial_heterotypic_immunity_efficacy': 0.4756777156265992, 'complete_heterotypic_immunity_efficacy': 0.20107966398876193, 'base_beta': 0.21015969874967588, 'maternal_immunity_efficacy': 0.0, 'long_term_immunity_prob_after_1': 0.2785488868397811, 'long_term_immunity_prob_after_2': 0.6932708035472376, 'long_term_immunity_prob_after_3': 0.7712694975636243}. Best is trial 0 with value: 1.4911318922091448.
[I 2025-10-28 10:33:53,341] Trial 25 finished with value: 1.4911318922091448 and parameters: {'reporting_rate': 0.0007105217855228665, 'homotypic_immunity_efficacy': 0.3268991877427535, 'partial_heterotypic_immunity_efficacy': 0.16881000739845914, 'complete_heterotypic_immunity_efficacy': 0.0014413801047110483, 'base_beta': 0.20023376576617655, 'maternal_immunity_efficacy': 0.0, 'long_term_immunity_prob_after_1': 0.283080974770793, 'long_term_immunity_prob_after_2': 0.33782376463200503, 'long_term_immunity_prob_after_3': 0.784358790903056}. Best is trial 0 with value: 1.4911318922091448.
[I 2025-10-28 10:33:54,630] Trial 26 finished with value: 1.4911318922091448 and parameters: {'reporting_rate': 0.0006485562734882392, 'homotypic_immunity_efficacy': 0.29348911682572854, 'partial_heterotypic_immunity_efficacy': 0.4815725826728356, 'complete_heterotypic_immunity_efficacy': 0.1984341467181382, 'base_beta': 0.22918031835919533, 'maternal_immunity_efficacy': 0.0, 'long_term_immunity_prob_after_1': 0.27981256771035445, 'long_term_immunity_prob_after_2': 0.5802631805323205, 'long_term_immunity_prob_after_3': 0.7756298775710753}. Best is trial 0 with value: 1.4911318922091448.
[I 2025-10-28 10:33:56,120] Trial 31 finished with value: 1.4911318922091448 and parameters: {'reporting_rate': 0.00033886362944536504, 'homotypic_immunity_efficacy': 0.25411134470530067, 'partial_heterotypic_immunity_efficacy': 0.20869053304175972, 'complete_heterotypic_immunity_efficacy': 0.19305736621582945, 'base_beta': 0.24019831252392068, 'maternal_immunity_efficacy': 0.0, 'long_term_immunity_prob_after_1': 0.2855036776719495, 'long_term_immunity_prob_after_2': 0.4753398478564409, 'long_term_immunity_prob_after_3': 0.7618120212449032}. Best is trial 0 with value: 1.4911318922091448.
[I 2025-10-28 10:33:56,203] Trial 29 finished with value: 1.4911318922091448 and parameters: {'reporting_rate': 0.0008358165636465753, 'homotypic_immunity_efficacy': 0.5609820679357032, 'partial_heterotypic_immunity_efficacy': 0.4915268190819186, 'complete_heterotypic_immunity_efficacy': 0.1943620519047463, 'base_beta': 0.2597420945413042, 'maternal_immunity_efficacy': 0.0, 'long_term_immunity_prob_after_1': 0.27547400591832727, 'long_term_immunity_prob_after_2': 0.5838877856992664, 'long_term_immunity_prob_after_3': 0.7643152657439132}. Best is trial 0 with value: 1.4911318922091448.
[I 2025-10-28 10:34:02,304] Trial 28 finished with value: 1.4911318922091448 and parameters: {'reporting_rate': 0.0008368347940560366, 'homotypic_immunity_efficacy': 0.8990553402881583, 'partial_heterotypic_immunity_efficacy': 0.4987954447462031, 'complete_heterotypic_immunity_efficacy': 0.20261246462342228, 'base_beta': 0.20306580451425305, 'maternal_immunity_efficacy': 0.0, 'long_term_immunity_prob_after_1': 0.2785369820304858, 'long_term_immunity_prob_after_2': 0.5774153338153487, 'long_term_immunity_prob_after_3': 0.764355717592976}. Best is trial 0 with value: 1.4911318922091448.
[I 2025-10-28 10:34:02,820] Trial 32 finished with value: 1.4911318922091448 and parameters: {'reporting_rate': 0.00033791021648577003, 'homotypic_immunity_efficacy': 0.2533892508999617, 'partial_heterotypic_immunity_efficacy': 0.4968119706928162, 'complete_heterotypic_immunity_efficacy': 0.20026920307052476, 'base_beta': 0.21534547632162468, 'maternal_immunity_efficacy': 0.0, 'long_term_immunity_prob_after_1': 0.28254323233380074, 'long_term_immunity_prob_after_2': 0.45805245556563473, 'long_term_immunity_prob_after_3': 0.7514413222117269}. Best is trial 0 with value: 1.4911318922091448.
[I 2025-10-28 10:34:03,089] Trial 33 finished with value: 1.4911318922091448 and parameters: {'reporting_rate': 0.00033930257661346063, 'homotypic_immunity_efficacy': 0.2439944003999274, 'partial_heterotypic_immunity_efficacy': 0.4911351703933684, 'complete_heterotypic_immunity_efficacy': 0.20185989277026217, 'base_beta': 0.32329931992791183, 'maternal_immunity_efficacy': 0.0, 'long_term_immunity_prob_after_1': 0.26965523946740566, 'long_term_immunity_prob_after_2': 0.467169409032938, 'long_term_immunity_prob_after_3': 0.763321746717351}. Best is trial 0 with value: 1.4911318922091448.
[I 2025-10-28 10:34:03,124] Trial 35 finished with value: 1.4911318922091448 and parameters: {'reporting_rate': 0.0005201193141999669, 'homotypic_immunity_efficacy': 0.2535010905726575, 'partial_heterotypic_immunity_efficacy': 0.49367202394995807, 'complete_heterotypic_immunity_efficacy': 0.19871155930524698, 'base_beta': 0.201080044410963, 'maternal_immunity_efficacy': 0.0, 'long_term_immunity_prob_after_1': 0.26432934505409655, 'long_term_immunity_prob_after_2': 0.4730764916612092, 'long_term_immunity_prob_after_3': 0.7529525561366885}. Best is trial 0 with value: 1.4911318922091448.
[I 2025-10-28 10:34:03,139] Trial 30 finished with value: 1.4911318922091448 and parameters: {'reporting_rate': 0.000344655328671757, 'homotypic_immunity_efficacy': 0.2529597537176472, 'partial_heterotypic_immunity_efficacy': 0.4888766325709111, 'complete_heterotypic_immunity_efficacy': 0.2040555887089952, 'base_beta': 0.2401575030497705, 'maternal_immunity_efficacy': 0.0, 'long_term_immunity_prob_after_1': 0.2794799992282484, 'long_term_immunity_prob_after_2': 0.48410303649578407, 'long_term_immunity_prob_after_3': 0.781364669844202}. Best is trial 0 with value: 1.4911318922091448.
[I 2025-10-28 10:34:03,205] Trial 34 finished with value: 1.4911318922091448 and parameters: {'reporting_rate': 0.0005581808322706138, 'homotypic_immunity_efficacy': 0.2555722864220987, 'partial_heterotypic_immunity_efficacy': 0.2094605090783289, 'complete_heterotypic_immunity_efficacy': 0.20462329032178472, 'base_beta': 0.230839619217114, 'maternal_immunity_efficacy': 0.0, 'long_term_immunity_prob_after_1': 0.269331006990399, 'long_term_immunity_prob_after_2': 0.4525888607164271, 'long_term_immunity_prob_after_3': 0.732074639383343}. Best is trial 0 with value: 1.4911318922091448.
/Users/aliciakraay/PycharmProjects/rotasim/rotasim/immunity.py:231: RuntimeWarning: overflow encountered in exp
  decay_factor = np.exp(
/Users/aliciakraay/PycharmProjects/rotasim/rotasim/immunity.py:231: RuntimeWarning: overflow encountered in exp
  decay_factor = np.exp(
Making results structure...
Processed 36 trials; 0 failed
Best pars: {'reporting_rate': 0.0008876807142200844, 'homotypic_immunity_efficacy': 0.1018319169433668, 'partial_heterotypic_immunity_efficacy': 0.38797960397204717, 'complete_heterotypic_immunity_efficacy': 0.0005705619590954947, 'base_beta': 0.2399662305848641, 'maternal_immunity_efficacy': 0.0, 'long_term_immunity_prob_after_1': 0.3642643077103849, 'long_term_immunity_prob_after_2': 0.5132136564169779, 'long_term_immunity_prob_after_3': 0.41271178814996884}
Removed existing calibration file rota.db
Elapsed time: 147 s

============================================================
Checking fit...
============================================================
Checking fit...

Fit with original pars:
  Total GOF:       1.49113
  Incidence GOF:   1
  Age dist GOF:    0.491132

Fit with best-fit pars:
  Total GOF:       1.49113
  Incidence GOF:   1
  Age dist GOF:    0.491132

✓ Calibration improved fit

============================================================
Results:
============================================================

Best parameters:
  reporting_rate: 0.000888
  homotypic_immunity_efficacy: 0.101832
  partial_heterotypic_immunity_efficacy: 0.387980
  complete_heterotypic_immunity_efficacy: 0.000571
  base_beta: 0.239966
  maternal_immunity_efficacy: 0.000000
  long_term_immunity_prob_after_1: 0.364264
  long_term_immunity_prob_after_2: 0.513214
  long_term_immunity_prob_after_3: 0.412712

============================================================
Comparing Overall Incidence:
============================================================
Target:  1.4 per 100k
Before:  0.0 per 100k
After:   0.0 per 100k

Error before: -100.0%
Error after:  -100.0%

============================================================
Comparing Age Distribution (proportions):
============================================================

Age        Target          Before          After           Error Before         Error After         
----------------------------------------------------------------------------------------------------
0          13.8           % 25.0           % 25.0           % 11.2                pp 11.2                pp
1          27.7           % 25.0           % 25.0           % -2.7                pp -2.7                pp
2          46.9           % 25.0           % 25.0           % -21.9               pp -21.9               pp
5          11.7           % 25.0           % 25.0           % 13.3                pp 13.3                pp

============================================================
Summary:
============================================================

Overall Incidence:
  Target:  1.4 per 100k
  Before:  0.0 per 100k (-100.0%)
  After:   0.0 per 100k (-100.0%)
  Improvement: 0.0 percentage points

Age Distribution GOF:
  Before: 0.4911
  After:  0.4911
  Improvement: 0.0000

⚠ Model fit could be improved further

============================================================
Saving best parameters...
============================================================
Saved to: /Users/aliciakraay/PycharmProjects/rotasim/calibration/uk_best_pars_with_lti.obj

✓ UK calibration complete!
