[I 2025-10-31 13:16:57,989] A new study created in RDB with name: rota
============================================================
UK Calibration (2008-2012)
============================================================

UK Demographics:
  Birth rate: 13/1000
  Death rate: 6/1000
  Net migration: +4/1000 adults (approximated in death rate)
  Target age distribution: [1.26%, 1.27%, 3.66%, 93.81%]
  Follow-up: 5 years (2008-2012)
============================================================
Rotasim: Setting up multi-strain simulation
  Scenario: single
  Base beta: 0.16
  Strains: 1
  Connectors: Adding default connectors: RotaImmunityConnector, RotaReassortmentConnector
  Time units: day, dt=day
  Total diseases: 1 (1 active + 0 dormant)

Calibration target data:
Overall incidence: 1.4 per 100k

Age distribution (proportions):
  ages  proportion
0    0    0.137698
1    1    0.276685
2    2    0.468881
3    5    0.116737

Calibration parameters:
  reporting_rate: best=0.0002, range=[0.0001, 0.001]
  homotypic_immunity_efficacy: best=0.5, range=[0.1, 0.9]
  partial_heterotypic_immunity_efficacy: best=0.2, range=[0.0, 0.5]
  complete_heterotypic_immunity_efficacy: best=0.1, range=[0.0, 0.3]
  base_beta: best=0.16, range=[0.05, 0.3]
  maternal_immunity_efficacy: best=0.0, range=[0.0, 0.0]
  adult_baseline_immunity: best=0.95, range=[0.9, 0.99]

============================================================
Running calibration (20 trials)...
============================================================
[I 2025-10-31 13:17:15,064] Trial 0 finished with value: 30.07675704913384 and parameters: {'reporting_rate': 0.0005206257578626515, 'homotypic_immunity_efficacy': 0.6225972516968366, 'partial_heterotypic_immunity_efficacy': 0.44885016302349495, 'complete_heterotypic_immunity_efficacy': 0.20079224158656142, 'base_beta': 0.13438579817257273, 'maternal_immunity_efficacy': 0.0, 'adult_baseline_immunity': 0.9893495403442693}. Best is trial 0 with value: 30.07675704913384.
[I 2025-10-31 13:17:15,089] Trial 8 finished with value: 35.306595908826274 and parameters: {'reporting_rate': 0.0006007851049790404, 'homotypic_immunity_efficacy': 0.49290938656941174, 'partial_heterotypic_immunity_efficacy': 0.21832433107644533, 'complete_heterotypic_immunity_efficacy': 0.034992025070699935, 'base_beta': 0.19755469905921041, 'maternal_immunity_efficacy': 0.0, 'adult_baseline_immunity': 0.9523356547079381}. Best is trial 0 with value: 30.07675704913384.
[I 2025-10-31 13:17:15,245] Trial 10 finished with value: 53.06506206025088 and parameters: {'reporting_rate': 0.0009069421415361465, 'homotypic_immunity_efficacy': 0.26857539501171124, 'partial_heterotypic_immunity_efficacy': 0.2754410625732613, 'complete_heterotypic_immunity_efficacy': 0.16813736644920368, 'base_beta': 0.0761115090428225, 'maternal_immunity_efficacy': 0.0, 'adult_baseline_immunity': 0.9249111106484169}. Best is trial 0 with value: 30.07675704913384.
[I 2025-10-31 13:17:15,278] Trial 11 finished with value: 21.728868032280303 and parameters: {'reporting_rate': 0.00035370601290081314, 'homotypic_immunity_efficacy': 0.6713809920034896, 'partial_heterotypic_immunity_efficacy': 0.41767143933330636, 'complete_heterotypic_immunity_efficacy': 0.09048668124569, 'base_beta': 0.052191000700807275, 'maternal_immunity_efficacy': 0.0, 'adult_baseline_immunity': 0.927393828135657}. Best is trial 11 with value: 21.728868032280303.
[I 2025-10-31 13:17:15,294] Trial 5 finished with value: 29.536539453885226 and parameters: {'reporting_rate': 0.0004934321381860948, 'homotypic_immunity_efficacy': 0.40548341610324967, 'partial_heterotypic_immunity_efficacy': 0.16438553059953853, 'complete_heterotypic_immunity_efficacy': 0.269372463621484, 'base_beta': 0.23309309897553188, 'maternal_immunity_efficacy': 0.0, 'adult_baseline_immunity': 0.9179155879373442}. Best is trial 11 with value: 21.728868032280303.
[I 2025-10-31 13:17:15,305] Trial 6 finished with value: 23.613816875835717 and parameters: {'reporting_rate': 0.000386090307544879, 'homotypic_immunity_efficacy': 0.6702665561310209, 'partial_heterotypic_immunity_efficacy': 0.309927800059222, 'complete_heterotypic_immunity_efficacy': 0.0984918105727081, 'base_beta': 0.29307756342130625, 'maternal_immunity_efficacy': 0.0, 'adult_baseline_immunity': 0.9221166586340285}. Best is trial 11 with value: 21.728868032280303.
[I 2025-10-31 13:17:15,319] Trial 7 finished with value: 57.94712525128749 and parameters: {'reporting_rate': 0.0009912205881503116, 'homotypic_immunity_efficacy': 0.44682831343563206, 'partial_heterotypic_immunity_efficacy': 0.23674714752840204, 'complete_heterotypic_immunity_efficacy': 0.06356841542797793, 'base_beta': 0.2527762915020501, 'maternal_immunity_efficacy': 0.0, 'adult_baseline_immunity': 0.9412270411791516}. Best is trial 11 with value: 21.728868032280303.
[I 2025-10-31 13:17:15,328] Trial 3 finished with value: 28.151400055293244 and parameters: {'reporting_rate': 0.0004834199217007457, 'homotypic_immunity_efficacy': 0.3274571618361013, 'partial_heterotypic_immunity_efficacy': 0.19531964196166912, 'complete_heterotypic_immunity_efficacy': 0.02369411853847252, 'base_beta': 0.1687437676819808, 'maternal_immunity_efficacy': 0.0, 'adult_baseline_immunity': 0.9467118212862206}. Best is trial 11 with value: 21.728868032280303.
[I 2025-10-31 13:17:15,329] Trial 2 finished with value: 42.778893461942495 and parameters: {'reporting_rate': 0.0007241022465847952, 'homotypic_immunity_efficacy': 0.300415099154965, 'partial_heterotypic_immunity_efficacy': 0.185808305827253, 'complete_heterotypic_immunity_efficacy': 0.17994868901200037, 'base_beta': 0.19160013017901872, 'maternal_immunity_efficacy': 0.0, 'adult_baseline_immunity': 0.919889934329298}. Best is trial 11 with value: 21.728868032280303.
[I 2025-10-31 13:17:15,419] Trial 9 finished with value: 54.81404401889011 and parameters: {'reporting_rate': 0.0009027364758317862, 'homotypic_immunity_efficacy': 0.7741215989082819, 'partial_heterotypic_immunity_efficacy': 0.482608014428522, 'complete_heterotypic_immunity_efficacy': 0.08700467807664876, 'base_beta': 0.23784496492595014, 'maternal_immunity_efficacy': 0.0, 'adult_baseline_immunity': 0.9044127670182438}. Best is trial 11 with value: 21.728868032280303.
[I 2025-10-31 13:17:15,488] Trial 1 finished with value: 45.2367279284197 and parameters: {'reporting_rate': 0.0007588573400692184, 'homotypic_immunity_efficacy': 0.4378554617003901, 'partial_heterotypic_immunity_efficacy': 0.2890330543717033, 'complete_heterotypic_immunity_efficacy': 0.18991984779635715, 'base_beta': 0.1494863637949782, 'maternal_immunity_efficacy': 0.0, 'adult_baseline_immunity': 0.900824245753408}. Best is trial 11 with value: 21.728868032280303.
[I 2025-10-31 13:17:15,493] Trial 4 finished with value: 27.93497705782992 and parameters: {'reporting_rate': 0.0004705758112060496, 'homotypic_immunity_efficacy': 0.26669948007392213, 'partial_heterotypic_immunity_efficacy': 0.08903893837504895, 'complete_heterotypic_immunity_efficacy': 0.000758666520379958, 'base_beta': 0.21996241557170382, 'maternal_immunity_efficacy': 0.0, 'adult_baseline_immunity': 0.916650035359566}. Best is trial 11 with value: 21.728868032280303.
[I 2025-10-31 13:17:28,316] Trial 22 finished with value: 13.425630861446745 and parameters: {'reporting_rate': 0.00021190139544331217, 'homotypic_immunity_efficacy': 0.8830032402945311, 'partial_heterotypic_immunity_efficacy': 0.37738324029395176, 'complete_heterotypic_immunity_efficacy': 0.1106272664159422, 'base_beta': 0.29403741049015053, 'maternal_immunity_efficacy': 0.0, 'adult_baseline_immunity': 0.9335269004646437}. Best is trial 22 with value: 13.425630861446745.
[I 2025-10-31 13:17:30,919] Trial 14 finished with value: 17.843411890156425 and parameters: {'reporting_rate': 0.0003062471209189601, 'homotypic_immunity_efficacy': 0.2338889257242922, 'partial_heterotypic_immunity_efficacy': 0.3062792371342972, 'complete_heterotypic_immunity_efficacy': 0.00015026395819758286, 'base_beta': 0.12576819036973935, 'maternal_immunity_efficacy': 0.0, 'adult_baseline_immunity': 0.9533181711419442}. Best is trial 22 with value: 13.425630861446745.
[I 2025-10-31 13:17:30,937] Trial 16 finished with value: 28.239219504232288 and parameters: {'reporting_rate': 0.0004800740767045891, 'homotypic_immunity_efficacy': 0.5353429160427405, 'partial_heterotypic_immunity_efficacy': 0.30295722078950416, 'complete_heterotypic_immunity_efficacy': 0.03987928832662797, 'base_beta': 0.15518875174351332, 'maternal_immunity_efficacy': 0.0, 'adult_baseline_immunity': 0.9595537783257673}. Best is trial 22 with value: 13.425630861446745.
[I 2025-10-31 13:17:31,018] Trial 20 finished with value: 9.137882090963199 and parameters: {'reporting_rate': 0.0001539909745373953, 'homotypic_immunity_efficacy': 0.16127362929023997, 'partial_heterotypic_immunity_efficacy': 0.006089726965997355, 'complete_heterotypic_immunity_efficacy': 0.12178083594800583, 'base_beta': 0.060285715739135576, 'maternal_immunity_efficacy': 0.0, 'adult_baseline_immunity': 0.9660509093091926}. Best is trial 20 with value: 9.137882090963199.
[I 2025-10-31 13:17:31,047] Trial 12 finished with value: 56.16418163234844 and parameters: {'reporting_rate': 0.0009610736386557874, 'homotypic_immunity_efficacy': 0.16147924068956263, 'partial_heterotypic_immunity_efficacy': 0.22248868946782152, 'complete_heterotypic_immunity_efficacy': 0.24780020410125086, 'base_beta': 0.2547069369691512, 'maternal_immunity_efficacy': 0.0, 'adult_baseline_immunity': 0.9010743032645543}. Best is trial 20 with value: 9.137882090963199.
[I 2025-10-31 13:17:31,145] Trial 17 finished with value: 18.01870367877862 and parameters: {'reporting_rate': 0.000313160304420559, 'homotypic_immunity_efficacy': 0.12466300831625965, 'partial_heterotypic_immunity_efficacy': 0.0852464874165747, 'complete_heterotypic_immunity_efficacy': 0.1783999187688979, 'base_beta': 0.17851872101812427, 'maternal_immunity_efficacy': 0.0, 'adult_baseline_immunity': 0.9536006228914604}. Best is trial 20 with value: 9.137882090963199.
[I 2025-10-31 13:17:31,222] Trial 13 finished with value: 11.54922481268273 and parameters: {'reporting_rate': 0.0001855689448847015, 'homotypic_immunity_efficacy': 0.3916285961194939, 'partial_heterotypic_immunity_efficacy': 0.1937468052211297, 'complete_heterotypic_immunity_efficacy': 0.04164134892651733, 'base_beta': 0.14777137409124302, 'maternal_immunity_efficacy': 0.0, 'adult_baseline_immunity': 0.9198110231743555}. Best is trial 20 with value: 9.137882090963199.
[I 2025-10-31 13:17:31,292] Trial 21 finished with value: 13.467126933332578 and parameters: {'reporting_rate': 0.00021577797028132138, 'homotypic_immunity_efficacy': 0.6911179602394014, 'partial_heterotypic_immunity_efficacy': 0.37740046541621264, 'complete_heterotypic_immunity_efficacy': 0.11548940579922164, 'base_beta': 0.29073539249386665, 'maternal_immunity_efficacy': 0.0, 'adult_baseline_immunity': 0.934217496250281}. Best is trial 20 with value: 9.137882090963199.
[I 2025-10-31 13:17:31,355] Trial 19 finished with value: 9.76954756007433 and parameters: {'reporting_rate': 0.00016702255590684832, 'homotypic_immunity_efficacy': 0.11949328331771558, 'partial_heterotypic_immunity_efficacy': 0.020107762150490593, 'complete_heterotypic_immunity_efficacy': 0.12642346821605716, 'base_beta': 0.05285462688852299, 'maternal_immunity_efficacy': 0.0, 'adult_baseline_immunity': 0.9686976594378274}. Best is trial 20 with value: 9.137882090963199.
[I 2025-10-31 13:17:31,566] Trial 18 finished with value: 38.827880754739674 and parameters: {'reporting_rate': 0.0006353736529357566, 'homotypic_immunity_efficacy': 0.7937372757396934, 'partial_heterotypic_immunity_efficacy': 0.2840437429850066, 'complete_heterotypic_immunity_efficacy': 0.176229317767866, 'base_beta': 0.05318170625162967, 'maternal_immunity_efficacy': 0.0, 'adult_baseline_immunity': 0.9068534445955517}. Best is trial 20 with value: 9.137882090963199.
[I 2025-10-31 13:17:31,844] Trial 15 finished with value: 36.523585515755606 and parameters: {'reporting_rate': 0.0006099899101023813, 'homotypic_immunity_efficacy': 0.6435908520550416, 'partial_heterotypic_immunity_efficacy': 0.4189496598162778, 'complete_heterotypic_immunity_efficacy': 0.09865489914572059, 'base_beta': 0.22654317067391677, 'maternal_immunity_efficacy': 0.0, 'adult_baseline_immunity': 0.9377835325401379}. Best is trial 20 with value: 9.137882090963199.
[I 2025-10-31 13:17:32,503] Trial 23 finished with value: 15.001148581610815 and parameters: {'reporting_rate': 0.00024173982866083227, 'homotypic_immunity_efficacy': 0.6864364503218277, 'partial_heterotypic_immunity_efficacy': 0.35970639920781333, 'complete_heterotypic_immunity_efficacy': 0.12279085582806129, 'base_beta': 0.2934674559669995, 'maternal_immunity_efficacy': 0.0, 'adult_baseline_immunity': 0.9332737554610891}. Best is trial 20 with value: 9.137882090963199.
Making results structure...
Processed 24 trials; 0 failed
Best pars: {'reporting_rate': 0.0001539909745373953, 'homotypic_immunity_efficacy': 0.16127362929023997, 'partial_heterotypic_immunity_efficacy': 0.006089726965997355, 'complete_heterotypic_immunity_efficacy': 0.12178083594800583, 'base_beta': 0.060285715739135576, 'maternal_immunity_efficacy': 0.0, 'adult_baseline_immunity': 0.9660509093091926}
Removed existing calibration file rota.db
Elapsed time: 36.1 s

============================================================
Checking fit...
============================================================
Checking fit...

Fit with original pars:
  Total GOF:       12.2499
  Incidence GOF:   10.5253
  Age dist GOF:    1.7246

Fit with best-fit pars:
  Total GOF:       9.13788
  Incidence GOF:   7.41328
  Age dist GOF:    1.7246

✓ Calibration improved fit

============================================================
Results:
============================================================

Best parameters:
  reporting_rate: 0.000154
  homotypic_immunity_efficacy: 0.161274
  partial_heterotypic_immunity_efficacy: 0.006090
  complete_heterotypic_immunity_efficacy: 0.121781
  base_beta: 0.060286
  maternal_immunity_efficacy: 0.000000

============================================================
Comparing Overall Incidence:
============================================================
Target:  1.4 per 100k
Before:  15.8 per 100k
After:   11.5 per 100k

Error before: +1052.5%
Error after:  +741.3%

============================================================
Comparing Age Distribution (proportions):
============================================================

Age        Target          Before          After           Error Before         Error After         
----------------------------------------------------------------------------------------------------
0          13.8           % 100.0          % 100.0          % 86.2                pp 86.2                pp
1          27.7           % 0.0            % 0.0            % -27.7               pp -27.7               pp
2          46.9           % 0.0            % 0.0            % -46.9               pp -46.9               pp
5          11.7           % 0.0            % 0.0            % -11.7               pp -11.7               pp

============================================================
Summary:
============================================================

Overall Incidence:
  Target:  1.4 per 100k
  Before:  15.8 per 100k (+1052.5%)
  After:   11.5 per 100k (+741.3%)
  Improvement: 311.2 percentage points

Age Distribution GOF:
  Before: 1.7246
  After:  1.7246
  Improvement: 0.0000

⚠ Model fit could be improved further

✓ UK calibration complete!
