[I 2025-10-31 10:55:49,990] A new study created in RDB with name: rota
============================================================
UK Calibration (2008-2012)
============================================================

UK Demographics:
  Birth rate: 13/1000
  Death rate: 6/1000
  Net migration: +4/1000 adults (approximated in death rate)
  Target age distribution: [1.26%, 1.27%, 3.66%, 93.81%]
  Follow-up: 5 years (2008-2012)
============================================================
Rotasim: Setting up multi-strain simulation
  Scenario: single
  Base beta: 0.16
  Strains: 1
  Connectors: Adding default connectors: RotaImmunityConnector, RotaReassortmentConnector
  Time units: day, dt=day
  Total diseases: 1 (1 active + 0 dormant)

Calibration target data:
Overall incidence: 1.4 per 100k

Age distribution (proportions):
  ages  proportion
0    0    0.137698
1    1    0.276685
2    2    0.468881
3    5    0.116737

Calibration parameters:
  reporting_rate: best=0.0002, range=[0.0001, 0.001]
  homotypic_immunity_efficacy: best=0.5, range=[0.1, 0.9]
  partial_heterotypic_immunity_efficacy: best=0.2, range=[0.0, 0.5]
  complete_heterotypic_immunity_efficacy: best=0.1, range=[0.0, 0.3]
  base_beta: best=0.16, range=[0.05, 0.3]
  maternal_immunity_efficacy: best=0.0, range=[0.0, 0.0]
  adult_baseline_immunity: best=0.95, range=[0.9, 0.99]

============================================================
Running calibration (20 trials)...
============================================================
Removed existing calibration file rota.db
/opt/anaconda3/lib/python3.12/site-packages/starsim/diseases.py:224: RuntimeWarning: overflow encountered in multiply
  p_transmit = rel_trans[src] * rel_sus[trg] * beta_per_dt
/opt/anaconda3/lib/python3.12/site-packages/starsim/diseases.py:224: RuntimeWarning: overflow encountered in multiply
  p_transmit = rel_trans[src] * rel_sus[trg] * beta_per_dt
/opt/anaconda3/lib/python3.12/site-packages/starsim/diseases.py:224: RuntimeWarning: overflow encountered in multiply
  p_transmit = rel_trans[src] * rel_sus[trg] * beta_per_dt
/opt/anaconda3/lib/python3.12/site-packages/starsim/diseases.py:224: RuntimeWarning: overflow encountered in multiply
  p_transmit = rel_trans[src] * rel_sus[trg] * beta_per_dt
/opt/anaconda3/lib/python3.12/site-packages/starsim/diseases.py:224: RuntimeWarning: overflow encountered in multiply
  p_transmit = rel_trans[src] * rel_sus[trg] * beta_per_dt
/opt/anaconda3/lib/python3.12/site-packages/starsim/diseases.py:224: RuntimeWarning: overflow encountered in multiply
  p_transmit = rel_trans[src] * rel_sus[trg] * beta_per_dt
/opt/anaconda3/lib/python3.12/site-packages/starsim/diseases.py:224: RuntimeWarning: overflow encountered in multiply
  p_transmit = rel_trans[src] * rel_sus[trg] * beta_per_dt
/opt/anaconda3/lib/python3.12/site-packages/starsim/diseases.py:224: RuntimeWarning: overflow encountered in multiply
  p_transmit = rel_trans[src] * rel_sus[trg] * beta_per_dt
/opt/anaconda3/lib/python3.12/site-packages/starsim/diseases.py:224: RuntimeWarning: overflow encountered in multiply
  p_transmit = rel_trans[src] * rel_sus[trg] * beta_per_dt
/opt/anaconda3/lib/python3.12/site-packages/starsim/diseases.py:224: RuntimeWarning: overflow encountered in multiply
  p_transmit = rel_trans[src] * rel_sus[trg] * beta_per_dt
/opt/anaconda3/lib/python3.12/site-packages/starsim/diseases.py:224: RuntimeWarning: overflow encountered in multiply
  p_transmit = rel_trans[src] * rel_sus[trg] * beta_per_dt
/opt/anaconda3/lib/python3.12/site-packages/starsim/diseases.py:224: RuntimeWarning: overflow encountered in multiply
  p_transmit = rel_trans[src] * rel_sus[trg] * beta_per_dt
/opt/anaconda3/lib/python3.12/site-packages/starsim/diseases.py:224: RuntimeWarning: invalid value encountered in multiply
  p_transmit = rel_trans[src] * rel_sus[trg] * beta_per_dt
/opt/anaconda3/lib/python3.12/site-packages/starsim/diseases.py:224: RuntimeWarning: invalid value encountered in multiply
  p_transmit = rel_trans[src] * rel_sus[trg] * beta_per_dt
[I 2025-10-31 11:06:14,181] Trial 11 finished with value: 2.5363526821020113 and parameters: {'reporting_rate': 0.00014549983664885002, 'homotypic_immunity_efficacy': 0.1305451526373747, 'partial_heterotypic_immunity_efficacy': 0.49831061750812206, 'complete_heterotypic_immunity_efficacy': 0.014295802679120428, 'base_beta': 0.17384085711032843, 'maternal_immunity_efficacy': 0.0, 'adult_baseline_immunity': 0.9464748645656783}. Best is trial 11 with value: 2.5363526821020113.
[I 2025-10-31 11:06:17,282] Trial 0 finished with value: 14.814084787764408 and parameters: {'reporting_rate': 0.000931668738611657, 'homotypic_immunity_efficacy': 0.22862244171005897, 'partial_heterotypic_immunity_efficacy': 0.2827402617355489, 'complete_heterotypic_immunity_efficacy': 0.29607736675737756, 'base_beta': 0.2223334577470339, 'maternal_immunity_efficacy': 0.0, 'adult_baseline_immunity': 0.9699975397739127}. Best is trial 11 with value: 2.5363526821020113.
[I 2025-10-31 11:06:18,399] Trial 9 finished with value: 11.203558350315546 and parameters: {'reporting_rate': 0.000721334624182771, 'homotypic_immunity_efficacy': 0.46833247128991345, 'partial_heterotypic_immunity_efficacy': 0.4487506885689393, 'complete_heterotypic_immunity_efficacy': 0.29689697232015416, 'base_beta': 0.2582801814989298, 'maternal_immunity_efficacy': 0.0, 'adult_baseline_immunity': 0.9884992366386522}. Best is trial 11 with value: 2.5363526821020113.
[I 2025-10-31 11:06:18,503] Trial 3 finished with value: 13.128493905272489 and parameters: {'reporting_rate': 0.000848977695832757, 'homotypic_immunity_efficacy': 0.7262323602091276, 'partial_heterotypic_immunity_efficacy': 0.3227051152386424, 'complete_heterotypic_immunity_efficacy': 0.2505574376373219, 'base_beta': 0.1739291403736179, 'maternal_immunity_efficacy': 0.0, 'adult_baseline_immunity': 0.9635339953563257}. Best is trial 11 with value: 2.5363526821020113.
[I 2025-10-31 11:06:18,536] Trial 6 finished with value: 17.02271376437933 and parameters: {'reporting_rate': 0.000985356444957239, 'homotypic_immunity_efficacy': 0.5203456572381082, 'partial_heterotypic_immunity_efficacy': 0.15116755591498732, 'complete_heterotypic_immunity_efficacy': 0.2799394622982005, 'base_beta': 0.062318136266060156, 'maternal_immunity_efficacy': 0.0, 'adult_baseline_immunity': 0.9266303042545647}. Best is trial 11 with value: 2.5363526821020113.
[I 2025-10-31 11:06:19,069] Trial 2 finished with value: 2.707070423735717 and parameters: {'reporting_rate': 0.00013997553379172442, 'homotypic_immunity_efficacy': 0.6927123285359734, 'partial_heterotypic_immunity_efficacy': 0.2672027509263594, 'complete_heterotypic_immunity_efficacy': 0.25352471595181325, 'base_beta': 0.1612255472421456, 'maternal_immunity_efficacy': 0.0, 'adult_baseline_immunity': 0.9596777202062077}. Best is trial 11 with value: 2.5363526821020113.
[I 2025-10-31 11:06:19,157] Trial 5 finished with value: 5.73208938806626 and parameters: {'reporting_rate': 0.00031492167607242175, 'homotypic_immunity_efficacy': 0.19886094797208945, 'partial_heterotypic_immunity_efficacy': 0.33127092184668006, 'complete_heterotypic_immunity_efficacy': 0.2635054534944921, 'base_beta': 0.20997880336712332, 'maternal_immunity_efficacy': 0.0, 'adult_baseline_immunity': 0.9423841240531038}. Best is trial 11 with value: 2.5363526821020113.
[I 2025-10-31 11:06:19,164] Trial 4 finished with value: 4.109782441902103 and parameters: {'reporting_rate': 0.00022286003739401672, 'homotypic_immunity_efficacy': 0.8032941071164582, 'partial_heterotypic_immunity_efficacy': 0.19481259292955705, 'complete_heterotypic_immunity_efficacy': 0.28737908445913374, 'base_beta': 0.11704230833458128, 'maternal_immunity_efficacy': 0.0, 'adult_baseline_immunity': 0.9156490749147111}. Best is trial 11 with value: 2.5363526821020113.
[I 2025-10-31 11:06:19,416] Trial 1 finished with value: 12.986487553168566 and parameters: {'reporting_rate': 0.0007679195147699459, 'homotypic_immunity_efficacy': 0.6757118178243716, 'partial_heterotypic_immunity_efficacy': 0.37496998144982224, 'complete_heterotypic_immunity_efficacy': 0.04060633320051044, 'base_beta': 0.1205184233099786, 'maternal_immunity_efficacy': 0.0, 'adult_baseline_immunity': 0.9081771488040733}. Best is trial 11 with value: 2.5363526821020113.
[I 2025-10-31 11:06:20,305] Trial 7 finished with value: 14.185163028861815 and parameters: {'reporting_rate': 0.0008769814578715746, 'homotypic_immunity_efficacy': 0.3021838850214061, 'partial_heterotypic_immunity_efficacy': 0.42684794227087514, 'complete_heterotypic_immunity_efficacy': 0.201334925678686, 'base_beta': 0.0847837044009536, 'maternal_immunity_efficacy': 0.0, 'adult_baseline_immunity': 0.9143837408748979}. Best is trial 11 with value: 2.5363526821020113.
[I 2025-10-31 11:06:20,820] Trial 10 finished with value: 11.76088834416792 and parameters: {'reporting_rate': 0.0008173772231849851, 'homotypic_immunity_efficacy': 0.5456516271201833, 'partial_heterotypic_immunity_efficacy': 0.42675690126117416, 'complete_heterotypic_immunity_efficacy': 0.25807092601055853, 'base_beta': 0.19223828820075106, 'maternal_immunity_efficacy': 0.0, 'adult_baseline_immunity': 0.9506662974401837}. Best is trial 11 with value: 2.5363526821020113.
[I 2025-10-31 11:06:21,536] Trial 8 finished with value: 7.853473620390363 and parameters: {'reporting_rate': 0.0004698108555853617, 'homotypic_immunity_efficacy': 0.8722555036393463, 'partial_heterotypic_immunity_efficacy': 0.16390409411802154, 'complete_heterotypic_immunity_efficacy': 0.24770159359240534, 'base_beta': 0.141943666126, 'maternal_immunity_efficacy': 0.0, 'adult_baseline_immunity': 0.9055519189963329}. Best is trial 11 with value: 2.5363526821020113.
[I 2025-10-31 11:16:52,212] Trial 16 finished with value: 23.01027749691637 and parameters: {'reporting_rate': 0.0006355054120411423, 'homotypic_immunity_efficacy': 0.4102655198289246, 'partial_heterotypic_immunity_efficacy': 0.19928918832998127, 'complete_heterotypic_immunity_efficacy': 0.23350487631176498, 'base_beta': 0.15669731967659561, 'maternal_immunity_efficacy': 0.0, 'adult_baseline_immunity': 0.9597390207837025}. Best is trial 11 with value: 2.5363526821020113.
[I 2025-10-31 11:16:52,281] Trial 12 finished with value: 14.85000861851178 and parameters: {'reporting_rate': 0.0005297876146426199, 'homotypic_immunity_efficacy': 0.4633021742041059, 'partial_heterotypic_immunity_efficacy': 0.30491886200635604, 'complete_heterotypic_immunity_efficacy': 0.23559451679891313, 'base_beta': 0.26501606954800216, 'maternal_immunity_efficacy': 0.0, 'adult_baseline_immunity': 0.9393169332879989}. Best is trial 11 with value: 2.5363526821020113.
[I 2025-10-31 11:16:53,726] Trial 15 finished with value: 48.26151004424741 and parameters: {'reporting_rate': 0.0009243375744349072, 'homotypic_immunity_efficacy': 0.5056157853708555, 'partial_heterotypic_immunity_efficacy': 0.4250199584858274, 'complete_heterotypic_immunity_efficacy': 0.15940944648180447, 'base_beta': 0.2561825294836189, 'maternal_immunity_efficacy': 0.0, 'adult_baseline_immunity': 0.9778214965387239}. Best is trial 11 with value: 2.5363526821020113.
[I 2025-10-31 11:16:54,824] Trial 13 finished with value: 11.55173134673361 and parameters: {'reporting_rate': 0.00044920840274616366, 'homotypic_immunity_efficacy': 0.5718368419929587, 'partial_heterotypic_immunity_efficacy': 0.46087820423472436, 'complete_heterotypic_immunity_efficacy': 0.05635082299611538, 'base_beta': 0.22207654801786564, 'maternal_immunity_efficacy': 0.0, 'adult_baseline_immunity': 0.9150596847596277}. Best is trial 11 with value: 2.5363526821020113.
[I 2025-10-31 11:16:54,864] Trial 21 finished with value: 13.943202073104102 and parameters: {'reporting_rate': 0.0004630089503489879, 'homotypic_immunity_efficacy': 0.42775144426784883, 'partial_heterotypic_immunity_efficacy': 0.04195390742289645, 'complete_heterotypic_immunity_efficacy': 0.007579995788157323, 'base_beta': 0.29101365446266036, 'maternal_immunity_efficacy': 0.0, 'adult_baseline_immunity': 0.9387531317688398}. Best is trial 11 with value: 2.5363526821020113.
[I 2025-10-31 11:16:54,901] Trial 17 finished with value: 4.10641676861025 and parameters: {'reporting_rate': 0.00015772734614261127, 'homotypic_immunity_efficacy': 0.36731044528929857, 'partial_heterotypic_immunity_efficacy': 0.25539690862485964, 'complete_heterotypic_immunity_efficacy': 0.168409032830538, 'base_beta': 0.08400505987065597, 'maternal_immunity_efficacy': 0.0, 'adult_baseline_immunity': 0.9284325637813147}. Best is trial 11 with value: 2.5363526821020113.
[I 2025-10-31 11:16:55,804] Trial 22 finished with value: 3.362780076272032 and parameters: {'reporting_rate': 0.0001150149299812734, 'homotypic_immunity_efficacy': 0.10241066343441725, 'partial_heterotypic_immunity_efficacy': 0.003799925777586699, 'complete_heterotypic_immunity_efficacy': 0.07561366882185175, 'base_beta': 0.15141100711773384, 'maternal_immunity_efficacy': 0.0, 'adult_baseline_immunity': 0.9415785971542945}. Best is trial 11 with value: 2.5363526821020113.
[I 2025-10-31 11:16:55,804] Trial 14 finished with value: 16.437986285061758 and parameters: {'reporting_rate': 0.0005567333923714809, 'homotypic_immunity_efficacy': 0.5186337101186632, 'partial_heterotypic_immunity_efficacy': 0.20601187799462395, 'complete_heterotypic_immunity_efficacy': 0.2030568249444404, 'base_beta': 0.06752251190100912, 'maternal_immunity_efficacy': 0.0, 'adult_baseline_immunity': 0.9547412722991963}. Best is trial 11 with value: 2.5363526821020113.
[I 2025-10-31 11:16:56,541] Trial 20 finished with value: 39.69255202937943 and parameters: {'reporting_rate': 0.0007943734036513579, 'homotypic_immunity_efficacy': 0.44290248157468315, 'partial_heterotypic_immunity_efficacy': 0.05619441887569321, 'complete_heterotypic_immunity_efficacy': 0.03054478261395943, 'base_beta': 0.28183826832617803, 'maternal_immunity_efficacy': 0.0, 'adult_baseline_immunity': 0.9819786954167067}. Best is trial 11 with value: 2.5363526821020113.
[I 2025-10-31 11:16:56,566] Trial 19 finished with value: 28.56314858606502 and parameters: {'reporting_rate': 0.0008427878930567121, 'homotypic_immunity_efficacy': 0.17908786826518358, 'partial_heterotypic_immunity_efficacy': 0.17878288877282, 'complete_heterotypic_immunity_efficacy': 0.14820868411010032, 'base_beta': 0.15801382309428957, 'maternal_immunity_efficacy': 0.0, 'adult_baseline_immunity': 0.96381678732361}. Best is trial 11 with value: 2.5363526821020113.
[I 2025-10-31 11:16:57,123] Trial 18 finished with value: 22.65991662587315 and parameters: {'reporting_rate': 0.0009162030583175343, 'homotypic_immunity_efficacy': 0.8745761401479775, 'partial_heterotypic_immunity_efficacy': 0.13919885110998326, 'complete_heterotypic_immunity_efficacy': 0.23904851117345352, 'base_beta': 0.29694950897917044, 'maternal_immunity_efficacy': 0.0, 'adult_baseline_immunity': 0.9100115546878782}. Best is trial 11 with value: 2.5363526821020113.
[I 2025-10-31 11:16:57,295] Trial 23 finished with value: 4.5835632457497715 and parameters: {'reporting_rate': 0.00016296017897201586, 'homotypic_immunity_efficacy': 0.3651936176182528, 'partial_heterotypic_immunity_efficacy': 0.0037114700195240435, 'complete_heterotypic_immunity_efficacy': 0.06682438954348979, 'base_beta': 0.1561586326339107, 'maternal_immunity_efficacy': 0.0, 'adult_baseline_immunity': 0.9387373993241005}. Best is trial 11 with value: 2.5363526821020113.
/opt/anaconda3/lib/python3.12/site-packages/starsim/diseases.py:224: RuntimeWarning: overflow encountered in multiply
  p_transmit = rel_trans[src] * rel_sus[trg] * beta_per_dt
Making results structure...
Processed 24 trials; 0 failed
Best pars: {'reporting_rate': 0.00014549983664885002, 'homotypic_immunity_efficacy': 0.1305451526373747, 'partial_heterotypic_immunity_efficacy': 0.49831061750812206, 'complete_heterotypic_immunity_efficacy': 0.014295802679120428, 'base_beta': 0.17384085711032843, 'maternal_immunity_efficacy': 0.0, 'adult_baseline_immunity': 0.9464748645656783}
Removed existing calibration file rota.db
Elapsed time: 1270 s

============================================================
Checking fit...
============================================================
Checking fit...

Fit with original pars:
  Total GOF:       4.00516
  Incidence GOF:   2.35012
  Age dist GOF:    1.65504

Fit with best-fit pars:
  Total GOF:       4.44697
  Incidence GOF:   2.75444
  Age dist GOF:    1.69254

✗ Calibration did not improve fit

============================================================
Results:
============================================================

Best parameters:
  reporting_rate: 0.000145
  homotypic_immunity_efficacy: 0.130545
  partial_heterotypic_immunity_efficacy: 0.498311
  complete_heterotypic_immunity_efficacy: 0.014296
  base_beta: 0.173841
  maternal_immunity_efficacy: 0.000000

============================================================
Comparing Overall Incidence:
============================================================
Target:  1.4 per 100k
Before:  4.6 per 100k
After:   5.2 per 100k

Error before: +235.0%
Error after:  +275.4%

============================================================
Comparing Age Distribution (proportions):
============================================================

Age        Target          Before          After           Error Before         Error After         
----------------------------------------------------------------------------------------------------
0          13.8           % 0.0            % 0.0            % -13.8               pp -13.8               pp
1          27.7           % 0.0            % 0.0            % -27.7               pp -27.7               pp
2          46.9           % 5.6            % 3.7            % -41.3               pp -43.2               pp
5          11.7           % 94.4           % 96.3           % 82.8                pp 84.6                pp

============================================================
Summary:
============================================================

Overall Incidence:
  Target:  1.4 per 100k
  Before:  4.6 per 100k (+235.0%)
  After:   5.2 per 100k (+275.4%)
  Improvement: -40.4 percentage points

Age Distribution GOF:
  Before: 1.6550
  After:  1.6925
  Improvement: -0.0375

⚠ Model fit could be improved further

✓ UK calibration complete!
